build/app/intermediates/manifest_merge_blame_file/release/manifest-merger-blame-release-report.txt
1<?xml version="1.0" encoding="utf-8"?>
2<manifest xmlns:android="http://schemas.android.com/apk/res/android"
3    package="com.example.MC"
4    android:versionCode="1"
5    android:versionName="1.0.0" >
6
7    <uses-sdk
8        android:minSdkVersion="16"
8-->src/main/AndroidManifest.xml
9        android:targetSdkVersion="28" />
9-->src/main/AndroidManifest.xml
10    <!--
11         io.flutter.app.FlutterApplication is an android.app.Application that
12         calls FlutterMain.startInitialization(this); in its onCreate method.
13         In most cases you can leave this as-is, but you if you want to provide
14         additional functionality it is fine to subclass or reimplement
15         FlutterApplication and put your custom class here.
16    -->
17    <uses-permission android:name="android.permission.ACCESS_FINE_LOCATION" />
17-->src/main/AndroidManifest.xml:8:5-79
17-->src/main/AndroidManifest.xml:8:22-76
18    <uses-permission android:name="android.permission.ACCESS_COARSE_LOCATION" />
18-->src/main/AndroidManifest.xml:9:5-81
18-->src/main/AndroidManifest.xml:9:22-78
19    <uses-permission android:name="android.permission.INTERNET" />
19-->src/main/AndroidManifest.xml:10:5-67
19-->src/main/AndroidManifest.xml:10:22-64
20    <uses-permission android:name="android.permission.CALL_PHONE" />
20-->[:flutter_phone_direct_caller] AndroidManifest.xml:9:5-69
20-->[:flutter_phone_direct_caller] AndroidManifest.xml:9:22-66
21
22    <uses-feature
22-->[:flutter_phone_direct_caller] AndroidManifest.xml:11:5-13:36
23        android:name="android.hardware.telephony"
23-->[:flutter_phone_direct_caller] AndroidManifest.xml:12:9-50
24        android:required="false" />
24-->[:flutter_phone_direct_caller] AndroidManifest.xml:13:9-33
25
26    <application
26-->src/main/AndroidManifest.xml:11:5-49:19
27        android:name="io.flutter.app.FlutterApplication"
27-->src/main/AndroidManifest.xml:12:9-57
28        android:appComponentFactory="androidx.core.app.CoreComponentFactory"
28-->[androidx.core:core:1.3.1] AndroidManifest.xml:24:18-86
29        android:icon="@mipmap/ic_launcher"
29-->src/main/AndroidManifest.xml:14:9-43
30        android:label="provinciApp" >
30-->src/main/AndroidManifest.xml:13:9-36
31        <activity
31-->src/main/AndroidManifest.xml:15:9-43:20
32            android:name="com.example.MC.MainActivity"
32-->src/main/AndroidManifest.xml:16:13-41
33            android:configChanges="orientation|keyboardHidden|keyboard|screenSize|smallestScreenSize|locale|layoutDirection|fontScale|screenLayout|density|uiMode"
33-->src/main/AndroidManifest.xml:19:13-163
34            android:hardwareAccelerated="true"
34-->src/main/AndroidManifest.xml:20:13-47
35            android:launchMode="singleTop"
35-->src/main/AndroidManifest.xml:17:13-43
36            android:theme="@style/LaunchTheme"
36-->src/main/AndroidManifest.xml:18:13-47
37            android:windowSoftInputMode="adjustResize" >
37-->src/main/AndroidManifest.xml:21:13-55
38
39            <!--
40                 Specifies an Android theme to apply to this Activity as soon as
41                 the Android process has started. This theme is visible to the user
42                 while the Flutter UI initializes. After that, this theme continues
43                 to determine the Window background behind the Flutter UI.
44            -->
45            <meta-data
45-->src/main/AndroidManifest.xml:26:13-29:17
46                android:name="io.flutter.embedding.android.NormalTheme"
46-->src/main/AndroidManifest.xml:27:15-70
47                android:resource="@style/NormalTheme" />
47-->src/main/AndroidManifest.xml:28:15-52
48            <!--
49                 Displays an Android View that continues showing the launch screen
50                 Drawable until Flutter paints its first frame, then this splash
51                 screen fades out. A splash screen is useful to avoid any visual
52                 gap between the end of Android's launch screen and the painting of
53                 Flutter's first frame.
54            -->
55            <meta-data
55-->src/main/AndroidManifest.xml:35:13-38:17
56                android:name="io.flutter.embedding.android.SplashScreenDrawable"
56-->src/main/AndroidManifest.xml:36:15-79
57                android:resource="@drawable/launch_background" />
57-->src/main/AndroidManifest.xml:37:15-61
58
59            <intent-filter>
59-->src/main/AndroidManifest.xml:39:13-42:29
60                <action android:name="android.intent.action.MAIN" />
60-->src/main/AndroidManifest.xml:40:17-68
60-->src/main/AndroidManifest.xml:40:25-66
61
62                <category android:name="android.intent.category.LAUNCHER" />
62-->src/main/AndroidManifest.xml:41:17-76
62-->src/main/AndroidManifest.xml:41:27-74
63            </intent-filter>
64        </activity>
65        <!--
66             Don't delete the meta-data below.
67             This is used by the Flutter tool to generate GeneratedPluginRegistrant.java
68        -->
69        <meta-data
69-->src/main/AndroidManifest.xml:46:9-48:33
70            android:name="flutterEmbedding"
70-->src/main/AndroidManifest.xml:47:13-44
71            android:value="2" />
71-->src/main/AndroidManifest.xml:48:13-30
72
73        <activity
73-->[:url_launcher] AndroidManifest.xml:8:9-11:74
74            android:name="io.flutter.plugins.urllauncher.WebViewActivity"
74-->[:url_launcher] AndroidManifest.xml:9:13-74
75            android:exported="false"
75-->[:url_launcher] AndroidManifest.xml:10:13-37
76            android:theme="@android:style/Theme.NoTitleBar.Fullscreen" />
76-->[:url_launcher] AndroidManifest.xml:11:13-71
77
78        <provider
78-->[:share] AndroidManifest.xml:8:9-16:20
79            android:name="io.flutter.plugins.share.ShareFileProvider"
79-->[:share] AndroidManifest.xml:9:13-70
80            android:authorities="com.example.MC.flutter.share_provider"
80-->[:share] AndroidManifest.xml:10:13-74
81            android:exported="false"
81-->[:share] AndroidManifest.xml:11:13-37
82            android:grantUriPermissions="true" >
82-->[:share] AndroidManifest.xml:12:13-47
83            <meta-data
83-->[:share] AndroidManifest.xml:13:13-15:68
84                android:name="android.support.FILE_PROVIDER_PATHS"
84-->[:share] AndroidManifest.xml:14:17-67
85                android:resource="@xml/flutter_share_file_paths" />
85-->[:share] AndroidManifest.xml:15:17-65
86        </provider>
87
88        <activity
88-->[com.google.android.gms:play-services-base:17.2.1] AndroidManifest.xml:23:9-26:75
89            android:name="com.google.android.gms.common.api.GoogleApiActivity"
89-->[com.google.android.gms:play-services-base:17.2.1] AndroidManifest.xml:24:13-79
90            android:exported="false"
90-->[com.google.android.gms:play-services-base:17.2.1] AndroidManifest.xml:25:13-37
91            android:theme="@android:style/Theme.Translucent.NoTitleBar" />
91-->[com.google.android.gms:play-services-base:17.2.1] AndroidManifest.xml:26:13-72
92
93        <meta-data
93-->[com.google.android.gms:play-services-basement:17.2.1] AndroidManifest.xml:23:9-25:69
94            android:name="com.google.android.gms.version"
94-->[com.google.android.gms:play-services-basement:17.2.1] AndroidManifest.xml:24:13-58
95            android:value="@integer/google_play_services_version" />
95-->[com.google.android.gms:play-services-basement:17.2.1] AndroidManifest.xml:25:13-66
96    </application>
97
98</manifest>